<?xml version="1.0" encoding="UTF-8"?>
<!-- Generated by org.testng.reporters.JUnitReportReporter -->
<testsuite hostname="DESKTOP-QU8KQ35" failures="0" tests="1" name="tokopediaTest.TokopediaTest" time="25.549" errors="0" timestamp="2022-08-17T16:34:39 WIB" skipped="0">
  <testcase classname="tokopediaTest.TokopediaTest" name="scrollTest" time="25.549"/>
  <system-out/>
</testsuite> <!-- tokopediaTest.TokopediaTest -->
