<?xml version="1.0" encoding="UTF-8"?>
<!-- Generated by org.testng.reporters.JUnitReportReporter -->
<testsuite hostname="DESKTOP-0I8AHN0" failures="0" tests="4" name="runners.PalindromeRunner" time="0.159" errors="0" timestamp="2022-09-24T11:43:32 WIB" skipped="0">
  <testcase classname="runners.PalindromeRunner" name="runScenario" time="0.007"/>
  <system-out/>
  <testcase classname="runners.PalindromeRunner" name="runScenario" time="0.135"/>
  <system-out/>
  <testcase classname="runners.PalindromeRunner" name="runScenario" time="0.007"/>
  <system-out/>
  <testcase classname="runners.PalindromeRunner" name="runScenario" time="0.010"/>
  <system-out/>
</testsuite> <!-- runners.PalindromeRunner -->
