<?xml version="1.0" encoding="UTF-8"?>
<!-- Generated by org.testng.reporters.JUnitReportReporter -->
<testsuite hostname="DESKTOP-QU8KQ35" failures="0" tests="4" name="runners.PalindromeRunner" time="0.654" errors="0" timestamp="2022-08-17T15:14:50 WIB" skipped="0">
  <testcase classname="runners.PalindromeRunner" name="runScenario" time="0.055"/>
  <system-out/>
  <testcase classname="runners.PalindromeRunner" name="runScenario" time="0.029"/>
  <system-out/>
  <testcase classname="runners.PalindromeRunner" name="runScenario" time="0.553"/>
  <system-out/>
  <testcase classname="runners.PalindromeRunner" name="runScenario" time="0.017"/>
  <system-out/>
</testsuite> <!-- runners.PalindromeRunner -->
